<?xml version="1.0" encoding="UTF-8"?>
<testng-results ignored="0" total="1" passed="1" failed="0" skipped="0">
  <reporter-output>
  </reporter-output>
  <suite started-at="2022-11-06T12:33:17 IST" name="Suite" finished-at="2022-11-06T12:33:25 IST" duration-ms="7268">
    <groups>
    </groups>
    <test started-at="2022-11-06T12:33:17 IST" name="ClassTest" finished-at="2022-11-06T12:33:25 IST" duration-ms="7268">
      <class name="com.demo.Demo">
        <test-method is-config="true" signature="setUp()[pri:0, instance:com.demo.Demo@17f9d882]" started-at="2022-11-06T12:33:17 IST" name="setUp" finished-at="2022-11-06T12:33:21 IST" duration-ms="3834" status="PASS">
          <reporter-output>
          </reporter-output>
        </test-method> <!-- setUp -->
        <test-method signature="demo()[pri:0, instance:com.demo.Demo@17f9d882]" started-at="2022-11-06T12:33:21 IST" name="demo" finished-at="2022-11-06T12:33:25 IST" duration-ms="3384" status="PASS">
          <reporter-output>
          </reporter-output>
        </test-method> <!-- demo -->
      </class> <!-- com.demo.Demo -->
    </test> <!-- ClassTest -->
  </suite> <!-- Suite -->
</testng-results>
